[Wed Jul 23 22:25:01.384133 2025] [ssl:warn] [pid 10984:tid 480] AH01909: www.example.com:443:0 server certificate does NOT include an ID which matches the server name
[Wed Jul 23 22:25:01.423028 2025] [ssl:warn] [pid 10984:tid 480] AH01909: www.example.com:443:0 server certificate does NOT include an ID which matches the server name
[Wed Jul 23 22:25:01.460445 2025] [mpm_winnt:notice] [pid 10984:tid 480] AH00455: Apache/2.4.58 (Win64) OpenSSL/3.1.3 PHP/8.2.12 configured -- resuming normal operations
[Wed Jul 23 22:25:01.460445 2025] [mpm_winnt:notice] [pid 10984:tid 480] AH00456: Apache Lounge VS17 Server built: Oct 18 2023 13:03:18
[Wed Jul 23 22:25:01.460445 2025] [core:notice] [pid 10984:tid 480] AH00094: Command line: 'p:\\alchemystic\\git\\alchemysticwebsite\\xampp\\apache\\bin\\httpd.exe -d P:/Alchemystic/Git/AlchemysticWebsite/Xampp/apache'
[Wed Jul 23 22:25:01.465430 2025] [mpm_winnt:notice] [pid 10984:tid 480] AH00418: Parent: Created child process 1484
[Wed Jul 23 22:25:01.895599 2025] [ssl:warn] [pid 1484:tid 472] AH01909: www.example.com:443:0 server certificate does NOT include an ID which matches the server name
[Wed Jul 23 22:25:01.931530 2025] [ssl:warn] [pid 1484:tid 472] AH01909: www.example.com:443:0 server certificate does NOT include an ID which matches the server name
[Wed Jul 23 22:25:01.967437 2025] [mpm_winnt:notice] [pid 1484:tid 472] AH00354: Child: Starting 150 worker threads.
[Wed Jul 23 22:35:42.138582 2025] [mpm_winnt:crit] [pid 1484:tid 472] AH02538: Child: Parent process exited abruptly. Child process is ending
[Wed Jul 23 22:35:44.058371 2025] [ssl:warn] [pid 25188:tid 468] AH01909: www.example.com:443:0 server certificate does NOT include an ID which matches the server name
[Wed Jul 23 22:35:44.103251 2025] [core:warn] [pid 25188:tid 468] AH00098: pid file P:/Alchemystic/Git/AlchemysticWebsite/Xampp/apache/logs/httpd.pid overwritten -- Unclean shutdown of previous Apache run?
[Wed Jul 23 22:35:44.106267 2025] [ssl:warn] [pid 25188:tid 468] AH01909: www.example.com:443:0 server certificate does NOT include an ID which matches the server name
[Wed Jul 23 22:35:44.150602 2025] [mpm_winnt:notice] [pid 25188:tid 468] AH00455: Apache/2.4.58 (Win64) OpenSSL/3.1.3 PHP/8.2.12 configured -- resuming normal operations
[Wed Jul 23 22:35:44.150602 2025] [mpm_winnt:notice] [pid 25188:tid 468] AH00456: Apache Lounge VS17 Server built: Oct 18 2023 13:03:18
[Wed Jul 23 22:35:44.150602 2025] [core:notice] [pid 25188:tid 468] AH00094: Command line: 'p:\\alchemystic\\git\\alchemysticwebsite\\xampp\\apache\\bin\\httpd.exe -d P:/Alchemystic/Git/AlchemysticWebsite/Xampp/apache'
[Wed Jul 23 22:35:44.155589 2025] [mpm_winnt:notice] [pid 25188:tid 468] AH00418: Parent: Created child process 11216
[Wed Jul 23 22:35:44.582618 2025] [ssl:warn] [pid 11216:tid 456] AH01909: www.example.com:443:0 server certificate does NOT include an ID which matches the server name
[Wed Jul 23 22:35:44.635476 2025] [ssl:warn] [pid 11216:tid 456] AH01909: www.example.com:443:0 server certificate does NOT include an ID which matches the server name
[Wed Jul 23 22:35:44.671410 2025] [mpm_winnt:notice] [pid 11216:tid 456] AH00354: Child: Starting 150 worker threads.
[Wed Jul 23 22:43:31.457799 2025] [mpm_winnt:crit] [pid 11216:tid 456] AH02538: Child: Parent process exited abruptly. Child process is ending
